d:\c++projects\inputmodule\x64\debug\inputmodule.pdb
d:\c++projects\inputmodule\x64\debug\inputmodule.idb
d:\c++projects\inputmodule\inputmodule\x64\debug\inputmanager.obj
d:\c++projects\inputmodule\inputmodule\x64\debug\gmock-all.obj
d:\c++projects\inputmodule\inputmodule\x64\debug\gtest-all.obj
d:\c++projects\inputmodule\inputmodule\x64\debug\inputmodule.h.ifc
d:\c++projects\inputmodule\inputmodule\x64\debug\inputmodule.h.ifc.d.json
d:\c++projects\inputmodule\inputmodule\x64\debug\inputmodule.h.obj
d:\c++projects\inputmodule\x64\debug\inputmodule.lib
d:\c++projects\inputmodule\inputmodule\x64\debug\inputmodule.h.module.json
d:\c++projects\inputmodule\inputmodule\x64\debug\inputmodule.tlog\cl.command.1.tlog
d:\c++projects\inputmodule\inputmodule\x64\debug\inputmodule.tlog\cl.items.tlog
d:\c++projects\inputmodule\inputmodule\x64\debug\inputmodule.tlog\cl.read.1.tlog
d:\c++projects\inputmodule\inputmodule\x64\debug\inputmodule.tlog\cl.write.1.tlog
d:\c++projects\inputmodule\inputmodule\x64\debug\inputmodule.tlog\lib-link.read.1.tlog
d:\c++projects\inputmodule\inputmodule\x64\debug\inputmodule.tlog\lib-link.write.1.tlog
d:\c++projects\inputmodule\inputmodule\x64\debug\inputmodule.tlog\lib.command.1.tlog
d:\c++projects\inputmodule\inputmodule\x64\debug\inputmodule_md.tlog\cl.command.1.tlog
d:\c++projects\inputmodule\inputmodule\x64\debug\inputmodule_md.tlog\microsoft.build.cpptasks.cl.read.1.tlog
d:\c++projects\inputmodule\inputmodule\x64\debug\inputmodule_md.tlog\microsoft.build.cpptasks.cl.write.1.tlog
